Building DAG of jobs...
Using shell: /Users/DaoduR-Dev/.nextstrain/runtimes/conda/env/bin/bash
Provided cores: 5
Rules claiming more threads will be scaled down.
Job stats:
job          count
---------  -------
all              1
ancestral        1
export           1
refine           1
translate        1
tree             1
total            6

Select jobs to execute...

[Sun Jul 14 11:47:39 2024]
rule tree:
    input: config/final_passed_sequences_manual_curated.fasta
    output: results/lasv_tree_raw.nwk
    jobid: 3
    reason: Forced execution
    resources: tmpdir=/var/folders/g7/y30snjzj1v59zhtg_wv0j_dw0000gp/T

[Sun Jul 14 11:47:48 2024]
Finished job 3.
1 of 6 steps (17%) done
Select jobs to execute...

[Sun Jul 14 11:47:48 2024]
rule refine:
    input: results/lasv_tree_raw.nwk, config/final_passed_sequences_manual_curated.fasta, config/final_passed_metadata.csv
    output: results/lasv_tree.nwk, results/lasv_branch_lengths.json
    jobid: 2
    reason: Input files updated by another job: results/lasv_tree_raw.nwk
    resources: tmpdir=/var/folders/g7/y30snjzj1v59zhtg_wv0j_dw0000gp/T

[Sun Jul 14 11:52:00 2024]
Finished job 2.
2 of 6 steps (33%) done
Select jobs to execute...

[Sun Jul 14 11:52:00 2024]
rule ancestral:
    input: results/lasv_tree.nwk, config/final_passed_sequences_manual_curated.fasta
    output: results/lasv_nt_muts.json
    jobid: 4
    reason: Input files updated by another job: results/lasv_tree.nwk
    resources: tmpdir=/var/folders/g7/y30snjzj1v59zhtg_wv0j_dw0000gp/T

[Sun Jul 14 11:52:05 2024]
Finished job 4.
3 of 6 steps (50%) done
Select jobs to execute...

[Sun Jul 14 11:52:05 2024]
rule translate:
    input: results/lasv_tree.nwk, results/lasv_nt_muts.json, config/gly_ref_LASV.gb
    output: results/lasv_aa_muts.json
    jobid: 5
    reason: Input files updated by another job: results/lasv_tree.nwk, results/lasv_nt_muts.json
    resources: tmpdir=/var/folders/g7/y30snjzj1v59zhtg_wv0j_dw0000gp/T

[Sun Jul 14 11:52:06 2024]
Finished job 5.
4 of 6 steps (67%) done
Select jobs to execute...

[Sun Jul 14 11:52:06 2024]
rule export:
    input: results/lasv_tree.nwk, config/final_passed_metadata.csv, results/lasv_branch_lengths.json, results/lasv_nt_muts.json, results/lasv_aa_muts.json, config/auspice_config.json
    output: auspice/lasv.json
    jobid: 1
    reason: Input files updated by another job: results/lasv_aa_muts.json, results/lasv_tree.nwk, results/lasv_branch_lengths.json, results/lasv_nt_muts.json
    resources: tmpdir=/var/folders/g7/y30snjzj1v59zhtg_wv0j_dw0000gp/T

[Sun Jul 14 11:52:07 2024]
Finished job 1.
5 of 6 steps (83%) done
Select jobs to execute...

[Sun Jul 14 11:52:07 2024]
localrule all:
    input: auspice/lasv.json
    jobid: 0
    reason: Input files updated by another job: auspice/lasv.json
    resources: tmpdir=/var/folders/g7/y30snjzj1v59zhtg_wv0j_dw0000gp/T

[Sun Jul 14 11:52:07 2024]
Finished job 0.
6 of 6 steps (100%) done
Complete log: .snakemake/log/2024-07-14T114739.200722.snakemake.log
